\BOOKMARK [0][-]{chapter.1}{LaTeX Kurzanleitung}{}% 1
\BOOKMARK [1][-]{section.1.1}{Visio Vektorgraphik einf\374gen}{chapter.1}% 2
\BOOKMARK [2][-]{subsection.1.1.1}{Graphiken in LaTeX zuschneiden}{section.1.1}% 3
\BOOKMARK [2][-]{subsection.1.1.2}{Mehrere Bilder nebeneinander}{section.1.1}% 4
\BOOKMARK [1][-]{section.1.2}{Tabellen aufbauen}{chapter.1}% 5
\BOOKMARK [1][-]{section.1.3}{Code Listings aufbauen}{chapter.1}% 6
\BOOKMARK [1][-]{section.1.4}{Citation nach IEEE}{chapter.1}% 7
\BOOKMARK [0][-]{chapter.2}{Einleitung}{}% 8
\BOOKMARK [1][-]{section.2.1}{Ausgangslage}{chapter.2}% 9
\BOOKMARK [1][-]{section.2.2}{Zielsetzung / Aufgabenstellung / Anforderungen}{chapter.2}% 10
\BOOKMARK [0][-]{chapter.3}{\(Theoretische Grundlagen\)}{}% 11
\BOOKMARK [0][-]{chapter.4}{Vorgehen / Methoden}{}% 12
\BOOKMARK [1][-]{section.4.1}{\(Verwendete Software\)}{chapter.4}% 13
\BOOKMARK [0][-]{chapter.5}{Resultate}{}% 14
\BOOKMARK [0][-]{chapter.6}{Diskussion und Ausblick}{}% 15
\BOOKMARK [0][-]{chapter.7}{Verzeichnisse}{}% 16
\BOOKMARK [1][-]{section*.7}{Literaturverzeichnis}{chapter.7}% 17
\BOOKMARK [1][-]{chapter*.9}{\(Abbildungsverzeichnis\)}{chapter.7}% 18
\BOOKMARK [1][-]{chapter*.10}{\(Tabellenverzeichnis\)}{chapter.7}% 19
\BOOKMARK [1][-]{chapter*.11}{\(Abk\374rzungsverzeichnis\)}{chapter.7}% 20
\BOOKMARK [1][-]{chapter*.12}{\(Listingverzeichnis\)}{chapter.7}% 21
\BOOKMARK [0][-]{appendix.A}{Anhang}{}% 22
\BOOKMARK [1][-]{section.A.1}{Projektmanagement}{appendix.A}% 23
\BOOKMARK [1][-]{section.A.2}{Weiteres}{appendix.A}% 24
